<?xml version="1.0" encoding="UTF-8"?>
<testsuite name="org.arl.fjage.test.FirewallTests" tests="5" skipped="0" failures="0" errors="0" timestamp="2024-04-10T18:24:44" hostname="sweta-VM" time="4.464">
  <properties/>
  <testcase name="testFirewall1" classname="org.arl.fjage.test.FirewallTests" time="0.344"/>
  <testcase name="testFirewall2" classname="org.arl.fjage.test.FirewallTests" time="1.338"/>
  <testcase name="testFirewall3" classname="org.arl.fjage.test.FirewallTests" time="0.331"/>
  <testcase name="testFirewall4" classname="org.arl.fjage.test.FirewallTests" time="1.333"/>
  <testcase name="testSimpleFirewall1" classname="org.arl.fjage.test.FirewallTests" time="1.118"/>
  <system-out><![CDATA[]]></system-out>
  <system-err><![CDATA[1712773484866|INFO|org.arl.fjage.Container@126:shutdown|Initiating shutdown...
1712773484877|INFO|org.arl.fjage.Container@126:shutdown|All agents have shutdown
1712773484884|INFO|org.arl.fjage.test.FirewallTests@1:beforeTesting|==== BEGIN testFirewall1 ====
1712773484886|INFO|org.arl.fjage.remote.MasterContainer@1:openTcpServer|Listening on port 42447
1712773484887|INFO|org.arl.fjage.connectors.TcpServer@128:run|Listening on port 42447
1712773484891|INFO|org.arl.fjage.remote.MasterContainer@1:init|Initializing agents...
1712773484993|INFO|org.arl.fjage.remote.MasterContainer@1:init|Agents ready...
1712773484993|INFO|org.arl.fjage.remote.MasterContainer@1:start|Starting container...
1712773484998|INFO|org.arl.fjage.remote.SlaveContainer@1:init|Initializing agents...
1712773484999|INFO|org.arl.fjage.remote.MasterContainer@128:connected|Incoming connection tcp:///127.0.0.1:42447//127.0.0.1.53760
1712773485005|INFO|org.arl.fjage.remote.SlaveContainer@131:run|Connected to localhost::42447
1712773485101|INFO|org.arl.fjage.remote.SlaveContainer@1:init|Agents ready...
1712773485203|INFO|org.arl.fjage.remote.SlaveContainer@1:start|Starting container...
1712773485218|INFO|org.arl.fjage.remote.SlaveContainer@1:shutdown|Initiating shutdown...
1712773485218|INFO|org.arl.fjage.remote.MasterContainer@133:connectionClosed|Connection tcp:///127.0.0.1:42447//127.0.0.1.53760 closed
1712773485218|INFO|org.arl.fjage.remote.SlaveContainer@131:run|Connection to localhost:42447 lost
1712773485221|INFO|org.arl.fjage.remote.SlaveContainer@1:shutdown|All agents have shutdown
1712773485224|INFO|org.arl.fjage.test.FirewallTests@1:afterTesting|==== END testFirewall1 ====
1712773485225|INFO|org.arl.fjage.test.FirewallTests@1:beforeTesting|==== BEGIN testFirewall2 ====
1712773485228|INFO|org.arl.fjage.connectors.TcpServer@128:run|Stopped listening
1712773485231|INFO|org.arl.fjage.remote.MasterContainer@138:shutdown|Initiating shutdown...
1712773485232|INFO|org.arl.fjage.remote.MasterContainer@138:shutdown|All agents have shutdown
1712773485234|INFO|org.arl.fjage.remote.MasterContainer@1:openTcpServer|Listening on port 42845
1712773485235|INFO|org.arl.fjage.remote.MasterContainer@1:init|Initializing agents...
1712773485235|INFO|org.arl.fjage.connectors.TcpServer@140:run|Listening on port 42845
1712773485336|INFO|org.arl.fjage.remote.MasterContainer@1:init|Agents ready...
1712773485337|INFO|org.arl.fjage.remote.MasterContainer@1:start|Starting container...
1712773485340|INFO|org.arl.fjage.remote.SlaveContainer@1:init|Initializing agents...
1712773485341|INFO|org.arl.fjage.remote.MasterContainer@140:connected|Incoming connection tcp:///127.0.0.1:42845//127.0.0.1.47328
1712773485350|INFO|org.arl.fjage.remote.SlaveContainer@143:run|Connected to localhost::42845
1712773485451|INFO|org.arl.fjage.remote.SlaveContainer@1:init|Agents ready...
1712773485552|INFO|org.arl.fjage.remote.SlaveContainer@1:start|Starting container...
1712773486559|INFO|org.arl.fjage.remote.SlaveContainer@1:shutdown|Initiating shutdown...
1712773486559|INFO|org.arl.fjage.remote.MasterContainer@145:connectionClosed|Connection tcp:///127.0.0.1:42845//127.0.0.1.47328 closed
1712773486560|INFO|org.arl.fjage.remote.SlaveContainer@1:shutdown|All agents have shutdown
1712773486561|INFO|org.arl.fjage.test.FirewallTests@1:afterTesting|==== END testFirewall2 ====
1712773486561|INFO|org.arl.fjage.remote.SlaveContainer@143:run|Connection to localhost:42845 lost
1712773486562|INFO|org.arl.fjage.test.FirewallTests@1:beforeTesting|==== BEGIN testFirewall3 ====
1712773486564|INFO|org.arl.fjage.remote.MasterContainer@148:shutdown|Initiating shutdown...
1712773486565|INFO|org.arl.fjage.remote.MasterContainer@148:shutdown|All agents have shutdown
1712773486565|INFO|org.arl.fjage.connectors.TcpServer@140:run|Stopped listening
1712773486571|INFO|org.arl.fjage.connectors.TcpServer@150:run|Listening on port 45039
1712773486571|INFO|org.arl.fjage.remote.MasterContainer@1:openTcpServer|Listening on port 45039
1712773486572|INFO|org.arl.fjage.remote.MasterContainer@1:init|Initializing agents...
1712773486675|INFO|org.arl.fjage.remote.MasterContainer@1:init|Agents ready...
1712773486675|INFO|org.arl.fjage.remote.MasterContainer@1:start|Starting container...
1712773486676|INFO|org.arl.fjage.remote.SlaveContainer@1:init|Initializing agents...
1712773486679|INFO|org.arl.fjage.remote.SlaveContainer@153:run|Connected to localhost::45039
1712773486690|INFO|org.arl.fjage.remote.MasterContainer@150:connected|Incoming connection tcp:///127.0.0.1:45039//127.0.0.1.54234
1712773486779|INFO|org.arl.fjage.remote.SlaveContainer@1:init|Agents ready...
1712773486880|INFO|org.arl.fjage.remote.SlaveContainer@1:start|Starting container...
1712773486890|INFO|org.arl.fjage.remote.SlaveContainer@1:shutdown|Initiating shutdown...
1712773486892|INFO|org.arl.fjage.remote.SlaveContainer@1:shutdown|All agents have shutdown
1712773486892|INFO|org.arl.fjage.remote.MasterContainer@156:connectionClosed|Connection tcp:///127.0.0.1:45039//127.0.0.1.54234 closed
1712773486892|INFO|org.arl.fjage.remote.SlaveContainer@153:run|Connection to localhost:45039 lost
1712773486893|INFO|org.arl.fjage.test.FirewallTests@1:afterTesting|==== END testFirewall3 ====
1712773486894|INFO|org.arl.fjage.test.FirewallTests@1:beforeTesting|==== BEGIN testFirewall4 ====
1712773486902|INFO|org.arl.fjage.connectors.TcpServer@150:run|Stopped listening
1712773486903|INFO|org.arl.fjage.connectors.TcpServer@162:run|Listening on port 45117
1712773486902|INFO|org.arl.fjage.remote.MasterContainer@160:shutdown|Initiating shutdown...
1712773486903|INFO|org.arl.fjage.remote.MasterContainer@1:openTcpServer|Listening on port 45117
1712773486906|INFO|org.arl.fjage.remote.MasterContainer@1:init|Initializing agents...
1712773486906|INFO|org.arl.fjage.remote.MasterContainer@160:shutdown|All agents have shutdown
1712773487006|INFO|org.arl.fjage.remote.MasterContainer@1:init|Agents ready...
1712773487007|INFO|org.arl.fjage.remote.MasterContainer@1:start|Starting container...
1712773487008|INFO|org.arl.fjage.remote.SlaveContainer@1:init|Initializing agents...
1712773487009|INFO|org.arl.fjage.remote.SlaveContainer@164:run|Connected to localhost::45117
1712773487009|INFO|org.arl.fjage.remote.MasterContainer@162:connected|Incoming connection tcp:///127.0.0.1:45117//127.0.0.1.59462
1712773487110|INFO|org.arl.fjage.remote.SlaveContainer@1:init|Agents ready...
1712773487212|INFO|org.arl.fjage.remote.SlaveContainer@1:start|Starting container...
1712773488223|INFO|org.arl.fjage.remote.SlaveContainer@1:shutdown|Initiating shutdown...
1712773488225|INFO|org.arl.fjage.remote.SlaveContainer@1:shutdown|All agents have shutdown
1712773488225|INFO|org.arl.fjage.remote.SlaveContainer@164:run|Connection to localhost:45117 lost
1712773488226|INFO|org.arl.fjage.test.FirewallTests@1:afterTesting|==== END testFirewall4 ====
1712773488227|INFO|org.arl.fjage.test.FirewallTests@1:beforeTesting|==== BEGIN testSimpleFirewall1 ====
1712773488225|INFO|org.arl.fjage.remote.MasterContainer@167:connectionClosed|Connection tcp:///127.0.0.1:45117//127.0.0.1.59462 closed
1712773488233|INFO|org.arl.fjage.connectors.TcpServer@173:run|Listening on port 37945
1712773488233|INFO|org.arl.fjage.remote.MasterContainer@1:openTcpServer|Listening on port 37945
1712773488234|INFO|org.arl.fjage.remote.MasterContainer@171:shutdown|Initiating shutdown...
1712773488234|INFO|org.arl.fjage.connectors.TcpServer@162:run|Stopped listening
1712773488234|INFO|org.arl.fjage.remote.MasterContainer@171:shutdown|All agents have shutdown
1712773488235|INFO|org.arl.fjage.remote.MasterContainer@1:init|Initializing agents...
1712773488337|INFO|org.arl.fjage.remote.MasterContainer@1:init|Agents ready...
1712773488337|INFO|org.arl.fjage.remote.MasterContainer@1:start|Starting container...
1712773488339|INFO|org.arl.fjage.remote.SlaveContainer@1:init|Initializing agents...
1712773488339|INFO|org.arl.fjage.remote.SlaveContainer@177:run|Connected to localhost::37945
1712773488339|INFO|org.arl.fjage.remote.MasterContainer@173:connected|Incoming connection tcp:///127.0.0.1:37945//127.0.0.1.36582
1712773488441|INFO|org.arl.fjage.remote.SlaveContainer@1:init|Agents ready...
1712773488642|INFO|org.arl.fjage.remote.SlaveContainer@1:start|Starting container...
1712773488646|INFO|org.arl.fjage.test.auth.TracedFirewallSupplier@180:permit|[@5df2407a] permit({"action":"wantsMessagesFor","agentIDs":["JavaGateway-1550207152"],"message":null})=false
1712773488649|INFO|org.arl.fjage.test.auth.TracedFirewallSupplier@180:permit|[@5df2407a] permit({"id":"c0b3bc07-6ad8-49e5-8f0b-1a7c6923b554","action":"agentForService","service":"server","message":null})=false
1712773488652|INFO|org.arl.fjage.test.auth.TracedFirewallSupplier@180:authenticate|[@5df2407a/user] authenticate(somecreds)=true
1712773488653|INFO|org.arl.fjage.test.auth.TracedFirewallSupplier@180:permit|[@5df2407a/user] permit({"id":"596ee8d5-12fa-4507-81fc-0dc9e5ca8ed1","action":"agentForService","service":"server","message":null})=true
1712773488657|INFO|org.arl.fjage.test.auth.TracedFirewallSupplier@180:permit|[@5df2407a/user] permit({"action":"wantsMessagesFor","agentIDs":["JavaGateway-1550207152","#server1__ntf"],"message":null})=true
1712773488659|INFO|org.arl.fjage.test.auth.TracedFirewallSupplier@180:permit|[@5df2407a/user] permit({"id":"ce4934cc-8a29-4a51-b3bd-adcd8180174d","action":"send","message":{"clazz":"org.arl.fjage.test.FirewallTests$RequestMessage","data":{"x":0,"msgID":"ce4934cc-8a29-4a51-b3bd-adcd8180174d","perf":"REQUEST","recipient":"server1","sender":"JavaGateway-1550207152","inReplyTo":null,"sentAt":1712773488656}},"relay":true})=true
1712773488662|INFO|org.arl.fjage.test.auth.TracedFirewallSupplier@174:permit|[@5df2407a/user] permit(JavaGateway-1550207152)=true
1712773488669|INFO|org.arl.fjage.test.auth.TracedFirewallSupplier@180:permit|[@5df2407a/user] permit({"id":"f9381118-de45-4a20-897c-871954cbf801","action":"agentForService","service":"server2","message":null})=false
1712773489338|INFO|org.arl.fjage.test.auth.TracedFirewallSupplier@174:permit|[@5df2407a/user] permit(server1__ntf)=true
1712773489341|INFO|org.arl.fjage.remote.SlaveContainer@1:shutdown|Initiating shutdown...
1712773489341|INFO|org.arl.fjage.test.auth.TracedFirewallSupplier@180:signoff|[@5df2407a] signoff()
1712773489342|INFO|org.arl.fjage.remote.SlaveContainer@177:run|Connection to localhost:37945 lost
1712773489343|INFO|org.arl.fjage.remote.MasterContainer@180:connectionClosed|Connection tcp:///127.0.0.1:37945//127.0.0.1.36582 closed
1712773489343|INFO|org.arl.fjage.remote.SlaveContainer@1:shutdown|All agents have shutdown
1712773489344|INFO|org.arl.fjage.test.FirewallTests@1:afterTesting|==== END testSimpleFirewall1 ====
]]></system-err>
</testsuite>
