<?xml version="1.0" encoding="UTF-8"?>
<testsuite name="org.arl.fjage.test.BasicTests" tests="18" skipped="0" failures="0" errors="0" timestamp="2024-04-10T18:22:52" hostname="sweta-VM" time="112.21">
  <properties/>
  <testcase name="testPersistence" classname="org.arl.fjage.test.BasicTests" time="0.401"/>
  <testcase name="testTickers" classname="org.arl.fjage.test.BasicTests" time="4.916"/>
  <testcase name="testFSM" classname="org.arl.fjage.test.BasicTests" time="1.152"/>
  <testcase name="testSim" classname="org.arl.fjage.test.BasicTests" time="0.438"/>
  <testcase name="testShell" classname="org.arl.fjage.test.BasicTests" time="1.237"/>
  <testcase name="testRT" classname="org.arl.fjage.test.BasicTests" time="2.116"/>
  <testcase name="testGateway" classname="org.arl.fjage.test.BasicTests" time="0.771"/>
  <testcase name="testListener2" classname="org.arl.fjage.test.BasicTests" time="2.122"/>
  <testcase name="testAIDParam" classname="org.arl.fjage.test.BasicTests" time="12.153"/>
  <testcase name="testRemote1" classname="org.arl.fjage.test.BasicTests" time="17.486"/>
  <testcase name="testRemote2" classname="org.arl.fjage.test.BasicTests" time="18.455"/>
  <testcase name="testRemote3" classname="org.arl.fjage.test.BasicTests" time="18.417"/>
  <testcase name="testSerialCloner" classname="org.arl.fjage.test.BasicTests" time="0.015"/>
  <testcase name="testParam1" classname="org.arl.fjage.test.BasicTests" time="12.125"/>
  <testcase name="testParam2" classname="org.arl.fjage.test.BasicTests" time="12.12"/>
  <testcase name="testParamNtf" classname="org.arl.fjage.test.BasicTests" time="6.112"/>
  <testcase name="testFastCloner" classname="org.arl.fjage.test.BasicTests" time="0.051"/>
  <testcase name="testListener" classname="org.arl.fjage.test.BasicTests" time="2.109"/>
  <system-out><![CDATA[]]></system-out>
  <system-err><![CDATA[1712773372649|INFO|org.arl.fjage.test.BasicTests@1:testPersistence|testPersistence
1712773373051|INFO|org.arl.fjage.test.BasicTests@1:testTickers|testTickers
0|INFO|org.arl.fjage.Container@1:init|Initializing agents...
0|INFO|org.arl.fjage.Container@1:init|Agents ready...
0|INFO|org.arl.fjage.Container@1:start|Starting container...
601000|INFO|org.arl.fjage.Container@24:shutdown|Initiating shutdown...
601000|INFO|org.arl.fjage.Container@26:shutdown|Initiating shutdown...
1712773377968|INFO|org.arl.fjage.test.BasicTests@1:testFSM|testFSM
601000|INFO|org.arl.fjage.Container@27:shutdown|Initiating shutdown...
601000|INFO|org.arl.fjage.Container@27:shutdown|All agents have shutdown
601000|INFO|org.arl.fjage.DiscreteEventSimulator@23:run|Simulator shutdown
1712773377987|INFO|org.arl.fjage.Container@26:shutdown|All agents have shutdown
601000|INFO|org.arl.fjage.Container@24:shutdown|All agents have shutdown
1712773377990|INFO|org.arl.fjage.Container@1:init|Initializing agents...
1712773378105|INFO|org.arl.fjage.Container@1:init|Agents ready...
1712773378114|INFO|org.arl.fjage.Container@1:start|Starting container...
1712773379119|INFO|org.arl.fjage.Container@31:shutdown|Initiating shutdown...
1712773379121|INFO|org.arl.fjage.Container@31:shutdown|All agents have shutdown
1712773379125|INFO|org.arl.fjage.test.BasicTests@1:testSim|testSim
0|INFO|org.arl.fjage.Container@1:init|Initializing agents...
0|INFO|org.arl.fjage.Container@1:init|Agents ready...
0|INFO|org.arl.fjage.Container@1:start|Starting container...
2000|INFO|org.arl.fjage.Container@35:shutdown|Initiating shutdown...
2000|INFO|org.arl.fjage.Container@36:shutdown|Initiating shutdown...
2000|INFO|org.arl.fjage.Container@41:shutdown|Initiating shutdown...
2000|INFO|org.arl.fjage.Container@36:shutdown|All agents have shutdown
2000|INFO|org.arl.fjage.Container@40:shutdown|Initiating shutdown...
2000|INFO|org.arl.fjage.Container@37:shutdown|Initiating shutdown...
2000|INFO|org.arl.fjage.Container@39:shutdown|Initiating shutdown...
2000|INFO|org.arl.fjage.Container@39:shutdown|All agents have shutdown
2000|INFO|org.arl.fjage.Container@38:shutdown|Initiating shutdown...
2000|INFO|org.arl.fjage.Container@38:shutdown|All agents have shutdown
1712773379587|INFO|org.arl.fjage.test.BasicTests@1:testShell|testShell
2000|INFO|org.arl.fjage.Container@35:shutdown|All agents have shutdown
2000|INFO|org.arl.fjage.Container@37:shutdown|All agents have shutdown
2000|INFO|org.arl.fjage.DiscreteEventSimulator@34:run|Simulator shutdown
2000|INFO|org.arl.fjage.Container@40:shutdown|All agents have shutdown
2000|INFO|org.arl.fjage.Container@42:shutdown|Initiating shutdown...
1712773379647|INFO|org.arl.fjage.Container@42:shutdown|All agents have shutdown
1712773379648|INFO|org.arl.fjage.Container@41:shutdown|All agents have shutdown
1712773379678|INFO|org.arl.fjage.Container@1:init|Initializing agents...
1712773379693|INFO|org.arl.fjage.shell.ShellAgent@45:init|Agent shell init
1712773379794|INFO|org.arl.fjage.Container@1:init|Agents ready...
1712773379795|INFO|org.arl.fjage.Container@1:start|Starting container...
1712773380341|INFO|org.arl.fjage.test.BasicTests$ShellTestAgent@46:action|put1 rsp: AGREE
1712773380345|INFO|org.arl.fjage.test.BasicTests$ShellTestAgent@46:action|get rsp: INFORM: GetFileRsp
1712773380346|INFO|org.arl.fjage.test.BasicTests$ShellTestAgent@46:action|get data len: 14
1712773380346|INFO|org.arl.fjage.test.BasicTests$ShellTestAgent@46:action|get data: this is a test
1712773380352|INFO|org.arl.fjage.test.BasicTests$ShellTestAgent@46:action|get2 rsp: INFORM: GetFileRsp
1712773380353|INFO|org.arl.fjage.test.BasicTests$ShellTestAgent@46:action|get data len: 4
1712773380353|INFO|org.arl.fjage.test.BasicTests$ShellTestAgent@46:action|get data: is a
1712773380360|INFO|org.arl.fjage.test.BasicTests$ShellTestAgent@46:action|get3 rsp: INFORM: GetFileRsp
1712773380360|INFO|org.arl.fjage.test.BasicTests$ShellTestAgent@46:action|get data len: 5
1712773380361|INFO|org.arl.fjage.test.BasicTests$ShellTestAgent@46:action|get data:  test
1712773380402|INFO|org.arl.fjage.test.BasicTests$ShellTestAgent@46:action|get4 rsp: REFUSE
1712773380436|INFO|org.arl.fjage.test.BasicTests$ShellTestAgent@46:action|put2 rsp: AGREE
1712773380471|INFO|org.arl.fjage.test.BasicTests$ShellTestAgent@46:action|put3 rsp: AGREE
1712773380472|INFO|org.arl.fjage.test.BasicTests$ShellTestAgent@46:action|put3 length 40 : 40
1712773380481|INFO|org.arl.fjage.test.BasicTests$ShellTestAgent@46:action|put4 rsp: AGREE
1712773380486|INFO|org.arl.fjage.test.BasicTests$ShellTestAgent@46:action|get dir rsp: INFORM: GetFileRsp
1712773380488|INFO|org.arl.fjage.test.BasicTests$ShellTestAgent@46:action|DIR: .X1-lock	11	1712746794713
1712773380489|INFO|org.arl.fjage.test.BasicTests$ShellTestAgent@46:action|DIR: .XIM-unix/	4096	1712746775235
1712773380490|INFO|org.arl.fjage.test.BasicTests$ShellTestAgent@46:action|DIR: systemd-private-40cc34fd351a4770998ad52e8bdef20f-systemd-logind.service-U4YIcg/	4096	1712746775603
1712773380491|INFO|org.arl.fjage.test.BasicTests$ShellTestAgent@46:action|DIR: VMwareDnD/	4096	1712746775235
1712773380492|INFO|org.arl.fjage.test.BasicTests$ShellTestAgent@46:action|DIR: systemd-private-40cc34fd351a4770998ad52e8bdef20f-upower.service-SNsZAe/	4096	1712746795193
1712773380492|INFO|org.arl.fjage.test.BasicTests$ShellTestAgent@46:action|DIR: scoped_dirnzjWTu/	4096	1712761166206
1712773380492|INFO|org.arl.fjage.test.BasicTests$ShellTestAgent@46:action|DIR: systemd-private-40cc34fd351a4770998ad52e8bdef20f-ModemManager.service-yMdwci/	4096	1712746775771
1712773380492|INFO|org.arl.fjage.test.BasicTests$ShellTestAgent@46:action|DIR: systemd-private-40cc34fd351a4770998ad52e8bdef20f-fwupd.service-IURQY1/	4096	1712771512069
1712773380493|INFO|org.arl.fjage.test.BasicTests$ShellTestAgent@46:action|DIR: .font-unix/	4096	1712746775235
1712773380493|INFO|org.arl.fjage.test.BasicTests$ShellTestAgent@46:action|DIR: fjage-test.txt	14	1712773380470
1712773380502|INFO|org.arl.fjage.test.BasicTests$ShellTestAgent@46:action|DIR: systemd-private-40cc34fd351a4770998ad52e8bdef20f-colord.service-07HqYG/	4096	1712746797358
1712773380503|INFO|org.arl.fjage.test.BasicTests$ShellTestAgent@46:action|DIR: hsperfdata_sweta/	4096	1712773370174
1712773380505|INFO|org.arl.fjage.test.BasicTests$ShellTestAgent@46:action|DIR: systemd-private-40cc34fd351a4770998ad52e8bdef20f-systemd-resolved.service-O4ycP0/	4096	1712746775263
1712773380506|INFO|org.arl.fjage.test.BasicTests$ShellTestAgent@46:action|DIR: systemd-private-40cc34fd351a4770998ad52e8bdef20f-systemd-timesyncd.service-YLgLqt/	4096	1712746775375
1712773380507|INFO|org.arl.fjage.test.BasicTests$ShellTestAgent@46:action|DIR: systemd-private-40cc34fd351a4770998ad52e8bdef20f-systemd-oomd.service-VhLfxD/	4096	1712746775239
1712773380508|INFO|org.arl.fjage.test.BasicTests$ShellTestAgent@46:action|DIR: snap-private-tmp/	4096	1712746835184
1712773380508|INFO|org.arl.fjage.test.BasicTests$ShellTestAgent@46:action|DIR: systemd-private-40cc34fd351a4770998ad52e8bdef20f-switcheroo-control.service-JCBJN0/	4096	1712746775603
1712773380510|INFO|org.arl.fjage.test.BasicTests$ShellTestAgent@46:action|DIR: .X0-lock	11	1712746794713
1712773380510|INFO|org.arl.fjage.test.BasicTests$ShellTestAgent@46:action|DIR: systemd-private-40cc34fd351a4770998ad52e8bdef20f-power-profiles-daemon.service-4RIfrj/	4096	1712746775587
1712773380512|INFO|org.arl.fjage.test.BasicTests$ShellTestAgent@46:action|DIR: .X11-unix/	4096	1712746794713
1712773380512|INFO|org.arl.fjage.test.BasicTests$ShellTestAgent@46:action|DIR: .ICE-unix/	4096	1712746793764
1712773380513|INFO|org.arl.fjage.test.BasicTests$ShellTestAgent@46:action|DIR: .iprt-localipc-DRMIpcServer	0	1712746783875
1712773380514|INFO|org.arl.fjage.test.BasicTests$ShellTestAgent@46:action|DIR: .Test-unix/	4096	1712746775235
1712773380517|INFO|org.arl.fjage.test.BasicTests$ShellTestAgent@46:action|del rsp: AGREE
1712773380800|INFO|org.arl.fjage.test.BasicTests@1:testRT|testRT
1712773380803|INFO|org.arl.fjage.Container@47:shutdown|Initiating shutdown...
1712773380805|INFO|org.arl.fjage.shell.ShellAgent@45:shutdown|Agent shell shutdown
1712773380806|INFO|org.arl.fjage.Container@1:init|Initializing agents...
1712773380810|INFO|org.arl.fjage.Container@47:shutdown|All agents have shutdown
1712773380910|INFO|org.arl.fjage.Container@1:init|Agents ready...
1712773380911|INFO|org.arl.fjage.Container@1:start|Starting container...
1712773382916|INFO|org.arl.fjage.test.BasicTests@1:testGateway|testGateway
1712773382916|INFO|org.arl.fjage.Container@51:shutdown|Initiating shutdown...
1712773382923|INFO|org.arl.fjage.Container@51:shutdown|All agents have shutdown
1712773382954|INFO|org.arl.fjage.remote.MasterContainer@1:openTcpServer|Listening on port 37847
1712773382972|INFO|org.arl.fjage.connectors.TcpServer@53:run|Listening on port 37847
1712773383043|INFO|org.arl.fjage.remote.MasterContainer@1:init|Initializing agents...
1712773383145|INFO|org.arl.fjage.remote.MasterContainer@1:init|Agents ready...
1712773383146|INFO|org.arl.fjage.remote.MasterContainer@1:start|Starting container...
1712773383161|INFO|org.arl.fjage.remote.SlaveContainer@1:init|Initializing agents...
1712773383186|INFO|org.arl.fjage.remote.MasterContainer@53:connected|Incoming connection tcp:///127.0.0.1:37847//127.0.0.1.42446
1712773383193|INFO|org.arl.fjage.remote.SlaveContainer@56:run|Connected to localhost::37847
1712773383265|INFO|org.arl.fjage.remote.SlaveContainer@1:init|Agents ready...
1712773383372|INFO|org.arl.fjage.remote.SlaveContainer@1:start|Starting container...
1712773383679|INFO|org.arl.fjage.remote.SlaveContainer@1:shutdown|Initiating shutdown...
1712773383684|INFO|org.arl.fjage.remote.SlaveContainer@56:run|Connection to localhost:37847 lost
1712773383685|INFO|org.arl.fjage.remote.SlaveContainer@1:shutdown|All agents have shutdown
1712773383686|INFO|org.arl.fjage.remote.MasterContainer@59:connectionClosed|Connection tcp:///127.0.0.1:37847//127.0.0.1.42446 closed
1712773383687|INFO|org.arl.fjage.test.BasicTests@1:testListener2|testListener2
1712773383690|INFO|org.arl.fjage.Container@1:init|Initializing agents...
1712773383693|INFO|org.arl.fjage.connectors.TcpServer@53:run|Stopped listening
1712773383695|INFO|org.arl.fjage.remote.MasterContainer@63:shutdown|Initiating shutdown...
1712773383696|INFO|org.arl.fjage.remote.MasterContainer@63:shutdown|All agents have shutdown
1712773383794|INFO|org.arl.fjage.Container@1:init|Agents ready...
1712773383795|INFO|org.arl.fjage.Container@1:start|Starting container...
1712773385810|INFO|org.arl.fjage.test.BasicTests@1:testAIDParam|testAIDParam
1712773385819|INFO|org.arl.fjage.Container@1:init|Initializing agents...
1712773385827|INFO|org.arl.fjage.Container@67:shutdown|Initiating shutdown...
1712773385859|INFO|org.arl.fjage.Container@67:shutdown|All agents have shutdown
1712773385958|INFO|org.arl.fjage.Container@1:init|Agents ready...
1712773385959|INFO|org.arl.fjage.Container@1:start|Starting container...
1712773387889|WARNING|org.arl.fjage.test.BasicTests$AIDParamClientAgent@71:onTick|Unable to get x
1712773387925|WARNING|org.arl.fjage.test.BasicTests$AIDParamClientAgent@72:onTick|Unable to get x
1712773388099|WARNING|org.arl.fjage.test.BasicTests$AIDParamClientAgent@70:onTick|Unable to get x
1712773389045|WARNING|org.arl.fjage.test.BasicTests$AIDParamClientAgent@72:onTick|Unable to get x
1712773389273|WARNING|org.arl.fjage.test.BasicTests$AIDParamClientAgent@70:onTick|Unable to get x
1712773395961|INFO|org.arl.fjage.Container@73:shutdown|Initiating shutdown...
1712773395963|INFO|org.arl.fjage.Container@73:shutdown|All agents have shutdown
1712773397961|INFO|org.arl.fjage.test.BasicTests@1:testAIDParam|Successful: 114
1712773397961|INFO|org.arl.fjage.test.BasicTests@1:testAIDParam|Warnings: 5
1712773397962|INFO|org.arl.fjage.test.BasicTests@1:testAIDParam|Errors: 0
1712773397963|INFO|org.arl.fjage.test.BasicTests@1:testRemote1|testRemote1
1712773397965|INFO|org.arl.fjage.remote.MasterContainer@1:openTcpServer|Listening on port 36107
1712773397966|INFO|org.arl.fjage.connectors.TcpServer@75:run|Listening on port 36107
1712773397967|INFO|org.arl.fjage.remote.MasterContainer@1:init|Initializing agents...
1712773397975|INFO|org.arl.fjage.remote.MasterContainer@75:connected|Incoming connection tcp:///127.0.0.1:36107//127.0.0.1.39494
1712773397977|INFO|org.arl.fjage.remote.SlaveContainer@76:run|Connected to localhost::36107
1712773398070|INFO|org.arl.fjage.remote.MasterContainer@1:init|Agents ready...
1712773413232|WARNING|org.arl.fjage.remote.MasterContainer@1:initComplete|Some slaves timed out!
1712773413232|INFO|org.arl.fjage.remote.SlaveContainer@1:init|Initializing agents...
1712773413334|INFO|org.arl.fjage.remote.SlaveContainer@1:init|Agents ready...
1712773413435|INFO|org.arl.fjage.remote.MasterContainer@1:start|Starting container...
1712773413436|INFO|org.arl.fjage.remote.SlaveContainer@1:start|Starting container...
1712773415450|INFO|org.arl.fjage.remote.SlaveContainer@82:shutdown|Initiating shutdown...
1712773415451|INFO|org.arl.fjage.test.BasicTests@1:testRemote2|testRemote2
1712773415452|INFO|org.arl.fjage.remote.SlaveContainer@82:shutdown|All agents have shutdown
1712773415452|INFO|org.arl.fjage.remote.MasterContainer@84:connectionClosed|Connection tcp:///127.0.0.1:36107//127.0.0.1.39494 closed
1712773415458|INFO|org.arl.fjage.remote.MasterContainer@84:shutdown|Initiating shutdown...
1712773415458|INFO|org.arl.fjage.connectors.TcpServer@75:run|Stopped listening
1712773415459|INFO|org.arl.fjage.remote.MasterContainer@84:shutdown|All agents have shutdown
1712773415462|INFO|org.arl.fjage.remote.SlaveContainer@76:run|Connection to localhost:36107 lost
1712773415467|INFO|org.arl.fjage.remote.MasterContainer@1:openTcpServer|Listening on port 42809
1712773415470|INFO|org.arl.fjage.remote.MasterContainer@1:init|Initializing agents...
1712773415470|INFO|org.arl.fjage.connectors.TcpServer@86:run|Listening on port 42809
1712773415472|INFO|org.arl.fjage.remote.MasterContainer@86:connected|Incoming connection tcp:///127.0.0.1:42809//127.0.0.1.58086
1712773415472|INFO|org.arl.fjage.remote.SlaveContainer@87:run|Connected to localhost::42809
1712773415574|INFO|org.arl.fjage.remote.MasterContainer@1:init|Agents ready...
1712773430694|WARNING|org.arl.fjage.remote.MasterContainer@1:initComplete|Some slaves timed out!
1712773430695|INFO|org.arl.fjage.remote.SlaveContainer@1:init|Initializing agents...
1712773430797|INFO|org.arl.fjage.remote.SlaveContainer@1:init|Agents ready...
1712773430899|INFO|org.arl.fjage.remote.MasterContainer@1:start|Starting container...
1712773430899|INFO|org.arl.fjage.remote.SlaveContainer@1:start|Starting container...
1712773433906|INFO|org.arl.fjage.test.BasicTests@1:testRemote3|testRemote3
1712773433906|INFO|org.arl.fjage.remote.SlaveContainer@94:shutdown|Initiating shutdown...
1712773433907|INFO|org.arl.fjage.remote.MasterContainer@95:connectionClosed|Connection tcp:///127.0.0.1:42809//127.0.0.1.58086 closed
1712773433907|INFO|org.arl.fjage.remote.MasterContainer@95:shutdown|Initiating shutdown...
1712773433907|INFO|org.arl.fjage.connectors.TcpServer@86:run|Stopped listening
1712773433908|INFO|org.arl.fjage.remote.MasterContainer@95:shutdown|All agents have shutdown
1712773433908|INFO|org.arl.fjage.remote.SlaveContainer@94:shutdown|All agents have shutdown
1712773433908|INFO|org.arl.fjage.remote.SlaveContainer@95:shutdown|Initiating shutdown...
1712773433911|INFO|org.arl.fjage.remote.SlaveContainer@95:shutdown|All agents have shutdown
1712773433911|INFO|org.arl.fjage.remote.SlaveContainer@87:run|Connection to localhost:42809 lost
1712773433912|INFO|org.arl.fjage.remote.MasterContainer@1:openTcpServer|Listening on port 33311
1712773433915|INFO|org.arl.fjage.remote.MasterContainer@1:init|Initializing agents...
1712773433917|INFO|org.arl.fjage.connectors.TcpServer@97:run|Listening on port 33311
1712773433921|INFO|org.arl.fjage.remote.SlaveContainer@98:run|Connected to localhost::33311
1712773433921|INFO|org.arl.fjage.remote.MasterContainer@97:connected|Incoming connection tcp:///127.0.0.1:33311//127.0.0.1.59788
1712773434015|INFO|org.arl.fjage.remote.MasterContainer@1:init|Agents ready...
1712773449112|WARNING|org.arl.fjage.remote.MasterContainer@1:initComplete|Some slaves timed out!
1712773449112|INFO|org.arl.fjage.remote.SlaveContainer@1:init|Initializing agents...
1712773449214|INFO|org.arl.fjage.remote.SlaveContainer@1:init|Agents ready...
1712773449315|INFO|org.arl.fjage.remote.MasterContainer@1:start|Starting container...
1712773449316|INFO|org.arl.fjage.remote.SlaveContainer@1:start|Starting container...
1712773452322|INFO|org.arl.fjage.remote.MasterContainer@106:connectionClosed|Connection tcp:///127.0.0.1:33311//127.0.0.1.59788 closed
1712773452323|INFO|org.arl.fjage.remote.MasterContainer@106:shutdown|Initiating shutdown...
1712773452323|INFO|org.arl.fjage.remote.MasterContainer@106:shutdown|All agents have shutdown
1712773452323|INFO|org.arl.fjage.connectors.TcpServer@97:run|Stopped listening
1712773452323|INFO|org.arl.fjage.test.BasicTests@1:testSerialCloner|testSerialCloner
1712773452323|INFO|org.arl.fjage.remote.SlaveContainer@106:shutdown|Initiating shutdown...
1712773452323|INFO|org.arl.fjage.remote.SlaveContainer@105:shutdown|Initiating shutdown...
1712773452328|INFO|org.arl.fjage.remote.SlaveContainer@106:shutdown|All agents have shutdown
1712773452328|INFO|org.arl.fjage.remote.SlaveContainer@105:shutdown|All agents have shutdown
1712773452329|INFO|org.arl.fjage.remote.SlaveContainer@98:run|Connection to localhost:33311 lost
1712773452338|INFO|org.arl.fjage.test.BasicTests@1:testParam1|testParam1
1712773452340|INFO|org.arl.fjage.Container@1:init|Initializing agents...
1712773452449|INFO|org.arl.fjage.Container@1:init|Agents ready...
1712773452450|INFO|org.arl.fjage.Container@1:start|Starting container...
1712773462465|INFO|org.arl.fjage.Container@112:shutdown|Initiating shutdown...
1712773462469|WARNING|org.arl.fjage.test.BasicTests$ParamClientAgent@111:onTick|Unable to get y and s
1712773462477|INFO|org.arl.fjage.Container@112:shutdown|All agents have shutdown
1712773464462|INFO|org.arl.fjage.test.BasicTests@1:testParam1|Successful: 258
1712773464463|INFO|org.arl.fjage.test.BasicTests@1:testParam1|Warnings: 1
1712773464463|INFO|org.arl.fjage.test.BasicTests@1:testParam1|Errors: 0
1712773464467|INFO|org.arl.fjage.test.BasicTests@1:testParam2|testParam2
1712773464470|INFO|org.arl.fjage.Container@1:init|Initializing agents...
1712773464581|INFO|org.arl.fjage.Container@1:init|Agents ready...
1712773464581|INFO|org.arl.fjage.Container@1:start|Starting container...
1712773474583|INFO|org.arl.fjage.Container@118:shutdown|Initiating shutdown...
1712773474589|INFO|org.arl.fjage.Container@118:shutdown|All agents have shutdown
1712773476584|INFO|org.arl.fjage.test.BasicTests@1:testParam2|Successful: 260
1712773476584|INFO|org.arl.fjage.test.BasicTests@1:testParam2|Warnings: 0
1712773476586|INFO|org.arl.fjage.test.BasicTests@1:testParam2|Errors: 0
1712773476588|INFO|org.arl.fjage.test.BasicTests@1:testParamNtf|testParamNtf
1712773476590|INFO|org.arl.fjage.Container@1:init|Initializing agents...
1712773476692|INFO|org.arl.fjage.Container@1:init|Agents ready...
1712773476693|INFO|org.arl.fjage.Container@1:start|Starting container...
1712773480695|INFO|org.arl.fjage.test.BasicTests@1:testParamNtf|Warnings: 0
1712773480696|INFO|org.arl.fjage.test.BasicTests@1:testParamNtf|Errors: 0
1712773480698|INFO|org.arl.fjage.Container@122:shutdown|Initiating shutdown...
1712773480700|INFO|org.arl.fjage.Container@122:shutdown|All agents have shutdown
1712773482699|INFO|org.arl.fjage.test.BasicTests@1:testFastCloner|testFastCloner
1712773482750|INFO|org.arl.fjage.test.BasicTests@1:testListener|testListener
1712773482752|INFO|org.arl.fjage.Container@1:init|Initializing agents...
1712773482856|INFO|org.arl.fjage.Container@1:init|Agents ready...
1712773482857|INFO|org.arl.fjage.Container@1:start|Starting container...
]]></system-err>
</testsuite>
